=========== n:  2 ===== start at: Sun Dec  1 20:51:52 2019
   1               0                              00        0.000091
   2               1                              01        0.000115
   3               3                              11        0.000120
=========== n:  2 =====  stop at: Sun Dec  1 20:51:52 2019
=========== n:  3 ===== start at: Sun Dec  1 20:51:52 2019
   1               0                             000        0.000134
   2               1                             001        0.000138
   3               3                             011        0.000144
   4               7                             111        0.000148
=========== n:  3 =====  stop at: Sun Dec  1 20:51:52 2019
=========== n:  4 ===== start at: Sun Dec  1 20:51:52 2019
   1               0                            0000        0.000158
   2               1                            0001        0.000162
   3               3                            0011        0.000165
   4               5                            0101        0.000168
   5              15                            1111        0.000172
=========== n:  4 =====  stop at: Sun Dec  1 20:51:52 2019
=========== n:  5 ===== start at: Sun Dec  1 20:51:52 2019
   1               0                           00000        0.000182
   2               1                           00001        0.000186
   3               3                           00011        0.000189
   4              31                           11111        0.000198
=========== n:  5 =====  stop at: Sun Dec  1 20:51:52 2019
=========== n:  6 ===== start at: Sun Dec  1 20:51:52 2019
   1               0                          000000        0.000209
   2               1                          000001        0.000212
   3               3                          000011        0.000216
   4               5                          000101        0.000219
   5               7                          000111        0.000222
   6               9                          001001        0.000227
   7              21                          010101        0.000235
   8              27                          011011        0.000241
   9              63                          111111        0.000257
=========== n:  6 =====  stop at: Sun Dec  1 20:51:52 2019
=========== n:  7 ===== start at: Sun Dec  1 20:51:52 2019
   1               0                         0000000        0.000267
   2               1                         0000001        0.000271
   3               3                         0000011        0.000274
   4              11                         0001011        0.000281
   5              13                         0001101        0.000286
   6              23                         0010111        0.000295
   7              29                         0011101        0.000303
   8             127                         1111111        0.000348
=========== n:  7 =====  stop at: Sun Dec  1 20:51:52 2019
=========== n:  8 ===== start at: Sun Dec  1 20:51:52 2019
   1               0                        00000000        0.000359
   2               1                        00000001        0.000362
   3               3                        00000011        0.000366
   4               5                        00000101        0.000370
   5              15                        00001111        0.000380
   6              17                        00010001        0.000387
   7              51                        00110011        0.000414
   8              85                        01010101        0.000448
   9             255                        11111111        0.000549
=========== n:  8 =====  stop at: Sun Dec  1 20:51:52 2019
=========== n:  9 ===== start at: Sun Dec  1 20:51:52 2019
   1               0                       000000000        0.000560
   2               1                       000000001        0.000563
   3               3                       000000011        0.000567
   4               7                       000000111        0.000574
   5               9                       000001001        0.000580
   6              73                       001001001        0.000646
   7             219                       011011011        0.000767
   8             511                       111111111        0.000988
=========== n:  9 =====  stop at: Sun Dec  1 20:51:52 2019
=========== n: 10 ===== start at: Sun Dec  1 20:51:52 2019
   1               0                      0000000000        0.000999
   2               1                      0000000001        0.001003
   3               3                      0000000011        0.001007
   4               5                      0000000101        0.001019
   5              31                      0000011111        0.001059
   6              33                      0000100001        0.001080
   7              99                      0001100011        0.001170
   8             341                      0101010101        0.001438
   9            1023                      1111111111        0.002077
=========== n: 10 =====  stop at: Sun Dec  1 20:51:52 2019
=========== n: 11 ===== start at: Sun Dec  1 20:51:52 2019
   1               0                     00000000000        0.002095
   2               1                     00000000001        0.002099
   3               3                     00000000011        0.002104
   4            2047                     11111111111        0.004285
=========== n: 11 =====  stop at: Sun Dec  1 20:51:52 2019
=========== n: 12 ===== start at: Sun Dec  1 20:51:52 2019
   1               0                    000000000000        0.004302
   2               1                    000000000001        0.004306
   3               3                    000000000011        0.004312
   4               5                    000000000101        0.004318
   5               7                    000000000111        0.004325
   6               9                    000000001001        0.004334
   7              15                    000000001111        0.004348
   8              17                    000000010001        0.004362
   9              21                    000000010101        0.004379
  10              27                    000000011011        0.004398
  11              45                    000000101101        0.004441
  12              63                    000000111111        0.004484
  13              65                    000001000001        0.004529
  14             107                    000001101011        0.004622
  15             119                    000001110111        0.004681
  16             189                    000010111101        0.004841
  17             195                    000011000011        0.004934
  18             273                    000100010001        0.005202
  19             325                    000101000101        0.005422
  20             455                    000111000111        0.005718
  21             585                    001001001001        0.006180
  22             819                    001100110011        0.006722
  23            1365                    010101010101        0.007907
  24            1755                    011011011011        0.009062
  25            4095                    111111111111        0.012573
=========== n: 12 =====  stop at: Sun Dec  1 20:51:52 2019
=========== n: 13 ===== start at: Sun Dec  1 20:51:52 2019
   1               0                   0000000000000        0.012590
   2               1                   0000000000001        0.012594
   3               3                   0000000000011        0.012600
   4            8191                   1111111111111        0.024703
=========== n: 13 =====  stop at: Sun Dec  1 20:51:52 2019
=========== n: 14 ===== start at: Sun Dec  1 20:51:52 2019
   1               0                  00000000000000        0.024718
   2               1                  00000000000001        0.024722
   3               3                  00000000000011        0.024728
   4               5                  00000000000101        0.024736
   5              11                  00000000001011        0.024756
   6              13                  00000000001101        0.024769
   7              23                  00000000010111        0.024801
   8              29                  00000000011101        0.024827
   9              39                  00000000100111        0.024874
  10              57                  00000000111001        0.024933
  11              69                  00000001000101        0.025015
  12              81                  00000001010001        0.025094
  13             127                  00000001111111        0.025225
  14             129                  00000010000001        0.025342
  15             207                  00000011001111        0.025576
  16             243                  00000011110011        0.025747
  17             277                  00000100010101        0.026035
  18             337                  00000101010001        0.026358
  19             387                  00000110000011        0.026668
  20             635                  00001001111011        0.027467
  21             889                  00001101111001        0.028273
  22            1419                  00010110001011        0.029919
  23            1677                  00011010001101        0.031233
  24            2967                  00101110010111        0.034849
  25            3741                  00111010011101        0.037771
  26            5461                  01010101010101        0.043683
  27           16383                  11111111111111        0.063754
=========== n: 14 =====  stop at: Sun Dec  1 20:51:52 2019
=========== n: 15 ===== start at: Sun Dec  1 20:51:52 2019
   1               0                 000000000000000        0.063770
   2               1                 000000000000001        0.063774
   3               3                 000000000000011        0.063781
   4               7                 000000000000111        0.063794
   5               9                 000000000001001        0.063808
   6              19                 000000000010011        0.063846
   7              25                 000000000011001        0.063876
   8              31                 000000000011111        0.063906
   9              33                 000000000100001        0.063944
  10              43                 000000000101011        0.063997
  11              53                 000000000110101        0.064053
  12              79                 000000001001111        0.064169
  13              93                 000000001011101        0.064262
  14             121                 000000001111001        0.064379
  15             139                 000000010001011        0.064542
  16             209                 000000011010001        0.064793
  17             231                 000000011100111        0.064963
  18             279                 000000100010111        0.065314
  19             443                 000000110111011        0.065852
  20             465                 000000111010001        0.066159
  21             627                 000001001110011        0.066965
  22             717                 000001011001101        0.067659
  23             825                 000001100111001        0.068384
  24            1057                 000010000100001        0.069843
  25            1335                 000010100110111        0.071378
  26            1893                 000011101100101        0.073625
  27            2479                 000100110101111        0.076948
  28            3171                 000110001100011        0.080293
  29            3929                 000111101011001        0.083640
  30            4681                 001001001001001        0.089302
  31           14043                 011011011011011        0.110958
  32           32767                 111111111111111        0.152608
=========== n: 15 =====  stop at: Sun Dec  1 20:51:52 2019
=========== n: 16 ===== start at: Sun Dec  1 20:51:52 2019
   1               0                0000000000000000        0.152644
   2               1                0000000000000001        0.152654
   3               3                0000000000000011        0.152662
   4               5                0000000000000101        0.152673
   5              15                0000000000001111        0.152717
   6              17                0000000000010001        0.152750
   7              51                0000000000110011        0.152923
   8              85                0000000001010101        0.153142
   9             255                0000000011111111        0.153697
  10             257                0000000100000001        0.154042
  11             771                0000001100000011        0.155740
  12            1285                0000010100000101        0.158036
  13            3855                0000111100001111        0.165241
  14            4369                0001000100010001        0.171191
  15           13107                0011001100110011        0.195944
  16           21845                0101010101010101        0.229646
  17           65535                1111111111111111        0.332967
=========== n: 16 =====  stop at: Sun Dec  1 20:51:52 2019
=========== n: 17 ===== start at: Sun Dec  1 20:51:52 2019
   1               0               00000000000000000        0.333000
   2               1               00000000000000001        0.333006
   3               3               00000000000000011        0.333019
   4             313               00000000100111001        0.334263
   5             471               00000000111010111        0.335070
   6             633               00000001001111001        0.336272
   7             843               00000001101001011        0.337512
   8          131071               11111111111111111        0.651416
=========== n: 17 =====  stop at: Sun Dec  1 20:51:52 2019
=========== n: 18 ===== start at: Sun Dec  1 20:51:52 2019
   1               0              000000000000000000        0.651447
   2               1              000000000000000001        0.651453
   3               3              000000000000000011        0.651463
   4               5              000000000000000101        0.651476
   5               7              000000000000000111        0.651491
   6               9              000000000000001001        0.651518
   7              21              000000000000010101        0.651590
   8              27              000000000000011011        0.651658
   9              63              000000000000111111        0.651971
  10              65              000000000001000001        0.652139
  11              73              000000000001001001        0.652284
  12             219              000000000011011011        0.652948
  13             365              000000000101101101        0.653872
  14             511              000000000111111111        0.654677
  15             513              000000001000000001        0.655580
  16            1533              000000010111111101        0.659662
  17            1539              000000011000000011        0.661404
  18            3591              000000111000000111        0.669320
  19            4161              000001000001000001        0.677135
  20            4617              000001001000001001        0.684610
  21           12483              000011000011000011        0.714729
  22           20805              000101000101000101        0.758364
  23           29127              000111000111000111        0.801931
  24           37449              001001001001001001        0.870574
  25           87381              010101010101010101        1.069279
  26          112347              011011011011011011        1.221451
  27          262143              111111111111111111        1.698250
=========== n: 18 =====  stop at: Sun Dec  1 20:51:53 2019
=========== n: 19 ===== start at: Sun Dec  1 20:51:53 2019
   1               0             0000000000000000000        1.698305
   2               1             0000000000000000001        1.698311
   3               3             0000000000000000011        1.698323
   4          524287             1111111111111111111        3.246746
=========== n: 19 =====  stop at: Sun Dec  1 20:51:55 2019
=========== n: 20 ===== start at: Sun Dec  1 20:51:55 2019
   1               0            00000000000000000000        3.246815
   2               1            00000000000000000001        3.246821
   3               3            00000000000000000011        3.246833
   4               5            00000000000000000101        3.246848
   5              15            00000000000000001111        3.246909
   6              17            00000000000000010001        3.246963
   7              31            00000000000000011111        3.247099
   8              33            00000000000000100001        3.247283
   9              99            00000000000001100011        3.247733
  10             165            00000000000010100101        3.248287
  11             341            00000000000101010101        3.249472
  12             495            00000000000111101111        3.250590
  13            1023            00000000001111111111        3.253233
  14            1025            00000000010000000001        3.255276
  15            3075            00000000110000000011        3.265201
  16            5125            00000001010000000101        3.278889
  17            6483            00000001100101010011        3.290597
  18           11253            00000010101111110101        3.319395
  19           31775            00000111110000011111        3.405249
  20           33825            00001000010000100001        3.472878
  21           69905            00010001000100010001        3.691136
  22          101475            00011000110001100011        3.898177
  23          209715            00110011001100110011        4.412690
  24          349525            01010101010101010101        5.284908
  25         1048575            11111111111111111111        7.865013
=========== n: 20 =====  stop at: Sun Dec  1 20:51:59 2019
=========== n: 21 ===== start at: Sun Dec  1 20:51:59 2019
   1               0           000000000000000000000        7.865886
   2               1           000000000000000000001        7.865899
   3               3           000000000000000000011        7.865917
   4               7           000000000000000000111        7.865950
   5               9           000000000000000001001        7.865984
   6              11           000000000000000001011        7.866024
   7              13           000000000000000001101        7.866062
   8              23           000000000000000010111        7.866166
   9              29           000000000000000011101        7.866240
  10              35           000000000000000100011        7.866346
  11              49           000000000000000110001        7.866485
  12              83           000000000000001010011        7.866782
  13              87           000000000000001010111        7.866953
  14             101           000000000000001100101        7.867170
  15             117           000000000000001110101        7.867396
  16             127           000000000000001111111        7.867590
  17             129           000000000000010000001        7.867893
  18             159           000000000000010011111        7.868320
  19             249           000000000000011111001        7.868956
  20             331           000000000000101001011        7.869834
  21             381           000000000000101111101        7.870600
  22             421           000000000000110100101        7.871321
  23             521           000000000001000001001        7.872787
  24             577           000000000001001000001        7.874084
  25             751           000000000001011101111        7.875798
  26             823           000000000001100110111        7.877152
  27             903           000000000001110000111        7.878543
  28             947           000000000001110110011        7.879796
  29             989           000000000001111011101        7.881041
  30            1237           000000000010011010101        7.883994
  31            1369           000000000010101011001        7.886672
  32            1563           000000000011000011011        7.889497
  33            1731           000000000011011000011        7.892237
  34            2437           000000000100110000101        7.898833
  35            2585           000000000101000011001        7.903629
  36            3647           000000000111000111111        7.911646
  37            4039           000000000111111000111        7.917253
  38            4169           000000001000001001001        7.926089
  39            4673           000000001001001000001        7.936080
  40            5715           000000001011001010011        7.947793
  41            6477           000000001100101001101        7.958664
  42            6799           000000001101010001111        7.968211
  43            7003           000000001101101011011        7.978773
  44            7723           000000001111000101011        7.992408
  45           11223           000000010101111010111        8.020552
  46           11757           000000010110111101101        8.039554
  47           15093           000000011101011110101        8.067119
  48           16513           000000100000010000001        8.105616
  49           20195           000000100111011100011        8.150674
  50           25529           000000110001110111001        8.201108
  51           42187           000001010010011001011        8.318539
  52           44271           000001010110011101111        8.393974
  53           49539           000001100000110000011        8.478579
  54           54053           000001101001100100101        8.560929
  55           63285           000001111011100110101        8.656764
  56           72031           000010001100101011111        8.818817
  57          128305           000011111010100110001        9.113026
  58          181643           000101100010110001011        9.536321
  59          214669           000110100011010001101        9.905277
  60          299593           001001001001001001001       10.682682
  61          379799           001011100101110010111       11.445773
  62          478877           001110100111010011101       12.258633
  63          898779           011011011011011011011       14.424153
  64         2097151           111111111111111111111       19.492910
=========== n: 21 =====  stop at: Sun Dec  1 20:52:11 2019
=========== n: 22 ===== start at: Sun Dec  1 20:52:11 2019
   1               0          0000000000000000000000       19.492996
   2               1          0000000000000000000001       19.493003
   3               3          0000000000000000000011       19.493021
   4               5          0000000000000000000101       19.493040
   5            2047          0000000000011111111111       19.503147
   6            2049          0000000000100000000001       19.507787
   7            6147          0000000001100000000011       19.531483
   8         1398101          0101010101010101010101       25.862586
   9         4194303          1111111111111111111111       37.915227
=========== n: 22 =====  stop at: Sun Dec  1 20:52:29 2019
=========== n: 23 ===== start at: Sun Dec  1 20:52:29 2019
   1               0         00000000000000000000000       37.915305
   2               1         00000000000000000000001       37.915313
   3               3         00000000000000000000011       37.915331
   4            2787         00000000000101011100011       37.931817
   5            3189         00000000000110001110101       37.938509
   6            5279         00000000001010010011111       37.956864
   7            7973         00000000001111100100101       37.977688
   8         8388607         11111111111111111111111       72.523264
=========== n: 23 =====  stop at: Sun Dec  1 20:53:04 2019
=========== n: 24 ===== start at: Sun Dec  1 20:53:04 2019
   1               0        000000000000000000000000       72.523997
   2               1        000000000000000000000001       72.524015
   3               3        000000000000000000000011       72.524036
   4               5        000000000000000000000101       72.524061
   5               7        000000000000000000000111       72.524090
   6               9        000000000000000000001001       72.524136
   7              15        000000000000000000001111       72.524209
   8              17        000000000000000000010001       72.524292
   9              21        000000000000000000010101       72.524382
  10              27        000000000000000000011011       72.524478
  11              45        000000000000000000101101       72.524696
  12              51        000000000000000000110011       72.524835
  13              63        000000000000000000111111       72.525005
  14              65        000000000000000001000001       72.525223
  15              85        000000000000000001010101       72.525530
  16             107        000000000000000001101011       72.525848
  17             119        000000000000000001110111       72.526130
  18             153        000000000000000010011001       72.526700
  19             189        000000000000000010111101       72.527283
  20             195        000000000000000011000011       72.527717
  21             255        000000000000000011111111       72.528414
  22             257        000000000000000100000001       72.529178
  23             273        000000000000000100010001       72.530008
  24             325        000000000000000101000101       72.531065
  25             427        000000000000000110101011       72.532291
  26             455        000000000000000111000111       72.533200
  27             585        000000000000001001001001       72.535228
  28             765        000000000000001011111101       72.537493
  29             819        000000000000001100110011       72.539195
  30             975        000000000000001111001111       72.541358
  31            1105        000000000000010001010001       72.544759
  32            1365        000000000000010101010101       72.548712
  33            1755        000000000000011011011011       72.553279
  34            1799        000000000000011100000111       72.556302
  35            1911        000000000000011101110111       72.559633
  36            2457        000000000000100110011001       72.567542
  37            2925        000000000000101101101101       72.575130
  38            3315        000000000000110011110011       72.582382
  39            4095        000000000000111111111111       72.591254
  40            4097        000000000001000000000001       72.602167
  41            5189        000000000001010001000101       72.617846
  42            5397        000000000001010100010101       72.629694
  43            6827        000000000001101010101011       72.646744
  44            7607        000000000001110110110111       72.661004
  45            9945        000000000010011011011001       72.693092
  46           12285        000000000010111111111101       72.725173
  47           12291        000000000011000000000011       72.747601
  48           15567        000000000011110011001111       72.783413
  49           17745        000000000100010101010001       72.836539
  50           20485        000000000101000000000101       72.891597
  51           27499        000000000110101101101011       72.963734
  52           28123        000000000110110111011011       73.010536
  53           28679        000000000111000000000111       73.056967
  54           36873        000000001001000000001001       73.176770
  55           46701        000000001011011001101101       73.302867
  56           53235        000000001100111111110011       73.416358
  57           61455        000000001111000000001111       73.535678
  58           65793        000000010000000100000001       73.727809
  59           69649        000000010001000000010001       73.918970
  60           86037        000000010101000000010101       74.157918
  61          110619        000000011011000000011011       74.427740
  62          121527        000000011101101010110111       74.646042
  63          159705        000000100110111111011001       75.136421
  64          184365        000000101101000000101101       75.577683
  65          197379        000000110000001100000011       75.976283
  66          258111        000000111111000000111111       76.550597
  67          266305        000001000001000001000001       77.284972
  68          328965        000001010000010100000101       78.211832
  69          438379        000001101011000001101011       79.309295
  70          487543        000001110111000001110111       80.190166
  71          774333        000010111101000010111101       82.588460
  72          798915        000011000011000011000011       84.092167
  73          986895        000011110000111100001111       86.167140
  74         1118481        000100010001000100010001       89.448970
  75         1331525        000101000101000101000101       93.016414
  76         1864135        000111000111000111000111       97.654169
  77         2396745        001001001001001001001001      105.005688
  78         3355443        001100110011001100110011      113.717785
  79         5592405        010101010101010101010101      131.953517
  80         7190235        011011011011011011011011      148.312501
  81        16777215        111111111111111111111111      199.818325
=========== n: 24 =====  stop at: Sun Dec  1 20:55:11 2019
=========== n: 25 ===== start at: Sun Dec  1 20:55:11 2019
   1               0       0000000000000000000000000      199.818776
   2               1       0000000000000000000000001      199.818788
   3               3       0000000000000000000000011      199.818804
   4              31       0000000000000000000011111      199.819068
   5              33       0000000000000000000100001      199.819206
   6         1082401       0000100001000010000100001      207.067935
   7         3247203       0001100011000110001100011      220.992271
   8        33554431       1111111111111111111111111      368.649634
=========== n: 25 =====  stop at: Sun Dec  1 20:58:00 2019
=========== n: 26 ===== start at: Sun Dec  1 20:58:00 2019
   1               0      00000000000000000000000000      368.650382
   2               1      00000000000000000000000001      368.650395
   3               3      00000000000000000000000011      368.650416
   4               5      00000000000000000000000101      368.650446
   5            8191      00000000000001111111111111      368.704924
   6            8193      00000000000010000000000001      368.730859
   7           24579      00000000000110000000000011      368.862243
   8        22369621      01010101010101010101010101      504.657393
   9        67108863      11111111111111111111111111      763.627247
=========== n: 26 =====  stop at: Sun Dec  1 21:04:35 2019
=========== n: 27 ===== start at: Sun Dec  1 21:04:35 2019
   1               0     000000000000000000000000000      763.628397
   2               1     000000000000000000000000001      763.628410
   3               3     000000000000000000000000011      763.628428
   4               7     000000000000000000000000111      763.628478
   5               9     000000000000000000000001001      763.628533
   6              73     000000000000000000001001001      763.629298
   7             219     000000000000000000011011011      763.630672
   8             511     000000000000000000111111111      763.633332
   9             513     000000000000000001000000001      763.635112
  10          262657     000000001000000001000000001      765.789941
  11          787971     000000011000000011000000011      769.954507
  12         1838599     000000111000000111000000111      778.146743
  13         2363913     000001001000001001000001001      787.423722
  14        19173961     001001001001001001001001001      912.062886
  15        57521883     011011011011011011011011011     1172.407695
  16       134217727     111111111111111111111111111     1678.179935
=========== n: 27 =====  stop at: Sun Dec  1 21:19:50 2019
=========== n: 28 ===== start at: Sun Dec  1 21:19:50 2019
   1               0    0000000000000000000000000000     1678.180544
   2               1    0000000000000000000000000001     1678.180563
   3               3    0000000000000000000000000011     1678.180593
   4               5    0000000000000000000000000101     1678.180633
   5              11    0000000000000000000000001011     1678.180737
   6              13    0000000000000000000000001101     1678.180813
   7              15    0000000000000000000000001111     1678.180880
   8              17    0000000000000000000000010001     1678.181019
   9              23    0000000000000000000000010111     1678.181159
  10              29    0000000000000000000000011101     1678.181295
  11              39    0000000000000000000000100111     1678.181508
  12              57    0000000000000000000000111001     1678.181829
  13              69    0000000000000000000001000101     1678.182184
  14              75    0000000000000000000001001011     1678.182535
  15              81    0000000000000000000001010001     1678.182853
  16             105    0000000000000000000001101001     1678.183314
  17             127    0000000000000000000001111111     1678.183755
  18             129    0000000000000000000010000001     1678.184289
  19             187    0000000000000000000010111011     1678.185187
  20             207    0000000000000000000011001111     1678.185858
  21             221    0000000000000000000011011101     1678.186451
  22             243    0000000000000000000011110011     1678.187139
  23             277    0000000000000000000100010101     1678.188335
  24             337    0000000000000000000101010001     1678.189748
  25             387    0000000000000000000110000011     1678.191049
  26             635    0000000000000000001001111011     1678.194542
  27             645    0000000000000000001010000101     1678.196499
  28             743    0000000000000000001011100111     1678.199031
  29             831    0000000000000000001100111111     1678.201479
  30             889    0000000000000000001101111001     1678.203776
  31             925    0000000000000000001110011101     1678.205899
  32            1011    0000000000000000001111110011     1678.208367
  33            1045    0000000000000000010000010101     1678.212303
  34            1191    0000000000000000010010100111     1678.217017
  35            1345    0000000000000000010101000001     1678.221701
  36            1419    0000000000000000010110001011     1678.226013
  37            1677    0000000000000000011010001101     1678.231288
  38            1833    0000000000000000011100101001     1678.236003
  39            1935    0000000000000000011110001111     1678.240340
  40            2427    0000000000000000100101111011     1678.250698
  41            2967    0000000000000000101110010111     1678.261293
  42            3561    0000000000000000110111101001     1678.272387
  43            3741    0000000000000000111010011101     1678.280864
  44            4113    0000000000000001000000010001     1678.297819
  45            4353    0000000000000001000100000001     1678.314148
  46            5031    0000000000000001001110100111     1678.332830
  47            5461    0000000000000001010101010101     1678.350104
  48            5691    0000000000000001011000111011     1678.366114
  49            6223    0000000000000001100001001111     1678.383902
  50            7053    0000000000000001101110001101     1678.403539
  51            7353    0000000000000001110010111001     1678.420207
  52            7747    0000000000000001111001000011     1678.437327
  53            8901    0000000000000010001011000101     1678.473731
  54            9675    0000000000000010010111001011     1678.508158
  55           10449    0000000000000010100011010001     1678.542623
  56           11415    0000000000000010110010010111     1678.578133
  57           12339    0000000000000011000000110011     1678.613333
  58           13059    0000000000000011001100000011     1678.647558
  59           13545    0000000000000011010011101001     1678.680340
  60           14925    0000000000000011101001001101     1678.718291
  61           16383    0000000000000011111111111111     1678.756365
  62           16385    0000000000000100000000000001     1678.815005
  63           20565    0000000000000101000001010101     1678.898079
  64           21765    0000000000000101010100000101     1678.963963
  65           26447    0000000000000110011101001111     1679.049714
  66           31091    0000000000000111100101110011     1679.135136
  67           35733    0000000000001000101110010101     1679.279693
  68           38231    0000000000001001010101010111     1679.411664
  69           43473    0000000000001010100111010001     1679.558639
  70           47883    0000000000001011101100001011     1679.701207
  71           49155    0000000000001100000000000011     1679.826995
  72           53469    0000000000001101000011011101     1679.969323
  73           60073    0000000000001110101010101001     1680.123801
  74           61695    0000000000001111000011111111     1680.251493
  75           65295    0000000000001111111100001111     1680.390199
  76           65809    0000000000010000000100010001     1680.629109
  77           69889    0000000000010001000100000001     1680.887686
  78           81915    0000000000010011111111111011     1681.189182
  79           81925    0000000000010100000000000101     1681.427355
  80           94567    0000000000010111000101100111     1681.732422
  81          105663    0000000000011001110010111111     1682.029353
  82          114681    0000000000011011111111111001     1682.315636
  83          118045    0000000000011100110100011101     1682.571473
  84          129651    0000000000011111101001110011     1682.870669
  85          153383    0000000000100101011100100111     1683.466779
  86          180235    0000000000101100000000001011     1684.079075
  87          213005    0000000000110100000000001101     1684.724131
  88          234409    0000000000111001001110101001     1685.311537
  89          267589    0000000001000001010101000101     1686.431275
  90          308475    0000000001001011010011111011     1687.585193
  91          333121    0000000001010001010101000001     1688.658396
  92          376855    0000000001011100000000010111     1689.823833
  93          420531    0000000001100110101010110011     1690.990440
  94          457065    0000000001101111100101101001     1692.121689
  95          475165    0000000001110100000000011101     1693.157124
  96          639015    0000000010011100000000100111     1695.846550
  97          704469    0000000010101011111111010101     1698.051869
  98          723899    0000000010110000101110111011     1700.033488
  99          802767    0000000011000011111111001111     1702.301156
 100          908557    0000000011011101110100001101     1704.710730
 101          933945    0000000011100100000000111001     1706.738212
 102          999363    0000000011110011111111000011     1708.942140
 103         1130565    0000000100010100000001000101     1713.353390
 104         1327185    0000000101000100000001010001     1718.080811
 105         2080895    0000000111111100000001111111     1725.466407
 106         2113665    0000001000000100000010000001     1733.140994
 107         2921959    0000001011001001010111100111     1744.464770
 108         3391695    0000001100111100000011001111     1754.213948
 109         3795533    0000001110011110101001001101     1763.651004
 110         3981555    0000001111001100000011110011     1772.069691
 111         4538645    0000010001010100000100010101     1789.614753
 112         4865751    0000010010100011111011010111     1806.129492
 113         5521745    0000010101000100000101010001     1824.131347
 114         6340995    0000011000001100000110000011     1842.913851
 115         7716393    0000011101011011111000101001     1864.261487
 116        10404475    0000100111101100001001111011     1906.506026
 117        14566265    0000110111100100001101111001     1955.214884
 118        17895697    0001000100010001000100010001     2030.558072
 119        23250315    0001011000101100010110001011     2114.185309
 120        27477645    0001101000110100011010001101     2193.169767
 121        48614295    0010111001011100101110010111     2402.895215
 122        53687091    0011001100110011001100110011     2545.068421
 123        61296285    0011101001110100111010011101     2697.362626
 124        89478485    0101010101010101010101010101     3052.150259
 125       268435455    1111111111111111111111111111     4243.206299
=========== n: 28 =====  stop at: Sun Dec  1 22:02:35 2019
=========== n: 29 ===== start at: Sun Dec  1 22:02:35 2019
   1               0   00000000000000000000000000000     4243.207616
   2               1   00000000000000000000000000001     4243.207640
   3               3   00000000000000000000000000011     4243.207669
   4       536870911   11111111111111111111111111111     7574.645275
=========== n: 29 =====  stop at: Sun Dec  1 22:58:06 2019
=========== n: 30 ===== start at: Sun Dec  1 22:58:06 2019
   1               0  000000000000000000000000000000     7574.645453
   2               1  000000000000000000000000000001     7574.645463
   3               3  000000000000000000000000000011     7574.645485
   4               5  000000000000000000000000000101     7574.645515
   5               7  000000000000000000000000000111     7574.645544
   6               9  000000000000000000000000001001     7574.645592
   7              19  000000000000000000000000010011     7574.645744
   8              21  000000000000000000000000010101     7574.645839
   9              25  000000000000000000000000011001     7574.645976
  10              27  000000000000000000000000011011     7574.646098
  11              31  000000000000000000000000011111     7574.646238
  12              33  000000000000000000000000100001     7574.646487
  13              43  000000000000000000000000101011     7574.646805
  14              53  000000000000000000000000110101     7574.647095
  15              63  000000000000000000000000111111     7574.647375
  16              65  000000000000000000000001000001     7574.647760
  17              79  000000000000000000000001001111     7574.648210
  18              93  000000000000000000000001011101     7574.648689
  19              95  000000000000000000000001011111     7574.649040
  20              99  000000000000000000000001100011     7574.649424
  21             121  000000000000000000000001111001     7574.649916
  22             125  000000000000000000000001111101     7574.650285
  23             139  000000000000000000000010001011     7574.651104
  24             209  000000000000000000000011010001     7574.652267
  25             231  000000000000000000000011100111     7574.653026
  26             261  000000000000000000000100000101     7574.654388
  27             279  000000000000000000000100010111     7574.655630
  28             297  000000000000000000000100101001     7574.656916
  29             321  000000000000000000000101000001     7574.658217
  30             341  000000000000000000000101010101     7574.659510
  31             367  000000000000000000000101101111     7574.660815
  32             371  000000000000000000000101110011     7574.661998
  33             403  000000000000000000000110010011     7574.663354
  34             413  000000000000000000000110011101     7574.664578
  35             443  000000000000000000000110111011     7574.665916
  36             465  000000000000000000000111010001     7574.667231
  37             493  000000000000000000000111101101     7574.668555
  38             567  000000000000000000001000110111     7574.671268
  39             627  000000000000000000001001110011     7574.673858
  40             693  000000000000000000001010110101     7574.676527
  41             717  000000000000000000001011001101     7574.678862
  42             783  000000000000000000001100001111     7574.681539
  43             825  000000000000000000001100111001     7574.684022
  44             945  000000000000000000001110110001     7574.687111
  45             963  000000000000000000001111000011     7574.689476
  46            1023  000000000000000000001111111111     7574.692119
  47            1025  000000000000000000010000000001     7574.696377
  48            1057  000000000000000000010000100001     7574.700898
  49            1093  000000000000000000010001000101     7574.705419
  50            1235  000000000000000000010011010011     7574.710769
  51            1297  000000000000000000010100010001     7574.715444
  52            1335  000000000000000000010100110111     7574.720000
  53            1355  000000000000000000010101001011     7574.724384
  54            1625  000000000000000000011001011001     7574.730553
  55            1685  000000000000000000011010010101     7574.735285
  56            1707  000000000000000000011010101011     7574.739723
  57            1735  000000000000000000011011000111     7574.744168
  58            1819  000000000000000000011100011011     7574.749022
  59            1879  000000000000000000011101010111     7574.753759
  60            1893  000000000000000000011101100101     7574.758247
  61            2015  000000000000000000011111011111     7574.763367
  62            2349  000000000000000000100100101101     7574.774129
  63            2479  000000000000000000100110101111     7574.783499
  64            2889  000000000000000000101101001001     7574.794960
  65            3069  000000000000000000101111111101     7574.804661
  66            3171  000000000000000000110001100011     7574.813812
  67            3929  000000000000000000111101011001     7574.827523
  68            4181  000000000000000001000001010101     7574.846027
  69            4433  000000000000000001000101010001     7574.864593
  70            4587  000000000000000001000111101011     7574.882605
  71            4681  000000000000000001001001001001     7574.900098
  72            5179  000000000000000001010000111011     7574.920257
  73            5285  000000000000000001010010100101     7574.937827
  74            5441  000000000000000001010101000001     7574.955701
  75            5807  000000000000000001011010101111     7574.975044
  76            6099  000000000000000001011111010011     7574.993772
  77            6367  000000000000000001100011011111     7575.012361
  78            6525  000000000000000001100101111101     7575.030314
  79            6897  000000000000000001101011110001     7575.049599
  80            7031  000000000000000001101101110111     7575.067297
  81            7045  000000000000000001101110000101     7575.084419
  82            7175  000000000000000001110000000111     7575.102362
  83            7399  000000000000000001110011100111     7575.120698
  84            7643  000000000000000001110111011011     7575.139223
  85            7853  000000000000000001111010101101     7575.157434
  86            8035  000000000000000001111101100011     7575.175598
  87            8613  000000000000000010000110100101     7575.213459
  88            9207  000000000000000010001111110111     7575.251565
  89            9513  000000000000000010010100101001     7575.287565
  90           10593  000000000000000010100101100001     7575.328708
  91           11143  000000000000000010101110000111     7575.366557
  92           11407  000000000000000010110010001111     7575.402493
  93           12543  000000000000000011000011111111     7575.444179
  94           13299  000000000000000011001111110011     7575.483248
  95           14043  000000000000000011011011011011     7575.522278
  96           14453  000000000000000011100001110101     7575.559153
  97           15345  000000000000000011101111110001     7575.599163
  98           15437  000000000000000011110001001101     7575.633866
  99           16323  000000000000000011111111000011     7575.673999
 100           16453  000000000000000100000001000101     7575.742373
 101           17623  000000000000000100010011010111     7575.818198
 102           18591  000000000000000100100010011111     7575.892181
 103           18973  000000000000000100101000011101     7575.962124
 104           19475  000000000000000100110000010011     7576.033044
 105           20083  000000000000000100111001110011     7576.108545
 106           20737  000000000000000101000100000001     7576.180888
 107           21525  000000000000000101010000010101     7576.253584
 108           22851  000000000000000101100101000011     7576.329944
 109           23405  000000000000000101101101101101     7576.401371
 110           23593  000000000000000101110000101001     7576.470329
 111           24909  000000000000000110000101001101     7576.546493
 112           25327  000000000000000110001011101111     7576.616898
 113           25625  000000000000000110010000011001     7576.686703
 114           26425  000000000000000110011100111001     7576.759549
 115           28539  000000000000000110111101111011     7576.841302
 116           30097  000000000000000111010110010001     7576.918979
 117           31651  000000000000000111101110100011     7576.996589
 118           31881  000000000000000111110010001001     7577.065875
 119           32767  000000000000000111111111111111     7577.139260
 120           32769  000000000000001000000000000001     7577.273292
 121           41943  000000000000001010001111010111     7577.467566
 122           43339  000000000000001010100101001011     7577.611834
 123           53909  000000000000001101001010010101     7577.815017
 124           56871  000000000000001101111000100111     7577.969620
 125           58491  000000000000001110010001111011     7578.115896
 126           60357  000000000000001110101111000101     7578.262703
 127           65813  000000000000010000000100010101     7578.567172
 128           70219  000000000000010001001001001011     7578.868033
 129           75491  000000000000010010011011100011     7579.172391
 130           76941  000000000000010010110010001101     7579.452405
 131           79279  000000000000010011010110101111     7579.737543
 132           80975  000000000000010011110001001111     7580.019623
 133           83269  000000000000010100010101000101     7580.305143
 134           86273  000000000000010101000100000001     7580.594654
 135           90729  000000000000010110001001101001     7580.892891
 136           96191  000000000000010111011110111111     7581.198842
 137           98301  000000000000010111111111111101     7581.483212
 138           98307  000000000000011000000000000011     7581.754250
 139          102089  000000000000011000111011001001     7582.049893
 140          103647  000000000000011001010011011111     7582.331674
 141          107665  000000000000011010010010010001     7582.628276
 142          117031  000000000000011100100100100111     7582.958526
 143          124025  000000000000011110010001111001     7583.273817
 144          125785  000000000000011110101101011001     7583.555397
 145          128595  000000000000011111011001010011     7583.843998
 146          130013  000000000000011111101111011101     7584.123945
 147          137973  000000000000100001101011110101     7584.711254
 148          146923  000000000000100011110111101011     7585.303711
 149          154473  000000000000100101101101101001     7585.888675
 150          168795  000000000000101001001101011011     7586.526467
 151          179553  000000000000101011110101100001     7587.131642
 152          191923  000000000000101110110110110011     7587.745718
 153          197439  000000000000110000001100111111     7588.317598
 154          210653  000000000000110011011011011101     7588.936871
 155          220913  000000000000110101111011110001     7589.537658
 156          224037  000000000000110110101100100101     7590.095315
 157          229383  000000000000111000000000000111     7590.666536
 158          249807  000000000000111100111111001111     7591.329562
 159          258819  000000000000111111001100000011     7591.923520
 160          267525  000000000001000001010100000101     7593.054522
 161          282705  000000000001000101000001010001     7594.224043
 162          294903  000000000001000111111111110111     7595.374799
 163          294921  000000000001001000000000001001     7596.459354
 164          329025  000000000001010000010101000001     7597.741735
 165          351079  000000000001010101101101100111     7598.950388
 166          360437  000000000001010111111111110101     7600.087589
 167          376175  000000000001011011110101101111     7601.264962
 168          385811  000000000001011110001100010011     7602.411547
 169          405279  000000000001100010111100011111     7603.608939
 170          411197  000000000001100100011000111101     7604.728959
 171          440071  000000000001101011011100000111     7605.983382
 172          449243  000000000001101101101011011011     7607.120096
 173          454075  000000000001101110110110111011     7608.231090
 174          460651  000000000001110000011101101011     7609.354755
 175          472789  000000000001110011011011010101     7610.514629
 176          491505  000000000001110111111111110001     7611.708286
 177          505325  000000000001111011010111101101     7612.873393
 178          509859  000000000001111100011110100011     7613.983094
 179          592317  000000000010010000100110111101     7616.633477
 180          622611  000000000010011000000000010011     7618.962460
 181          749421  000000000010110110111101101101     7621.854694
 182          776457  000000000010111101100100001001     7624.168821
 183          819225  000000000011001000000000011001     7626.579284
 184         1015839  000000000011111000000000011111     7629.894108
 185         1049601  000000000100000000010000000001     7634.378568
 186         1081377  000000000100001000000000100001     7638.855938
 187         1115413  000000000100010000010100010101     7643.352005
 188         1249903  000000000100110001001001101111     7648.432482
 189         1343447  000000000101000111111111010111     7653.275646
 190         1381393  000000000101010001010000010001     7657.791997
 191         1409067  000000000101011000000000101011     7662.262122
 192         1615011  000000000110001010010010100011     7667.745183
 193         1736651  000000000110100111111111001011     7672.750301
 194         1736757  000000000110101000000000110101     7677.079013
 195         1776327  000000000110110001101011000111     7681.615870
 196         1862427  000000000111000110101100011011     7686.420923
 197         1933253  000000000111010111111111000101     7691.144716
 198         1946039  000000000111011011000110110111     7695.533717
 199         2017561  000000000111101100100100011001     7700.244420
 200         2317099  000000001000110101101100101011     7710.490475
 201         2588751  000000001001111000000001001111     7720.542838
 202         2747877  000000001010011110110111100101     7729.993043
 203         3047517  000000001011101000000001011101     7740.225352
 204         3148803  000000001100000000110000000011     7749.359499
 205         3346239  000000001100110000111100111111     7759.023006
 206         3487409  000000001101010011011010110001     7768.389648
 207         3965049  000000001111001000000001111001     7779.590609
 208         4144179  000000001111110011110000110011     7789.127396
 209         4277333  000000010000010100010001010101     7806.955992
 210         4554891  000000010001011000000010001011     7825.613060
 211         4947817  000000010010110111111101101001     7844.923514
 212         5248005  000000010100000001010000000101     7863.729475
 213         5574977  000000010101010001000101000001     7882.604642
 214         5799759  000000010110000111111101001111     7900.999061
 215         6249427  000000010111110101101111010011     7920.624988
 216         6679933  000000011001011110110101111101     7940.148837
 217         6848721  000000011010001000000011010001     7958.240605
 218         7569639  000000011100111000000011100111     7979.345792
 219         7962381  000000011110010111111100001101     7998.654134
 220         8009263  000000011110100011011000101111     8016.112576
 221         9142551  000000100010111000000100010111     8056.483297
 222        14516667  000000110111011000000110111011     8119.089904
 223        15237585  000000111010001000000111010001     8157.299899
 224        17043521  000001000001000001000001000001     8234.774036
 225        20546163  000001001110011000001001110011     8320.960329
 226        23495373  000001011001101000001011001101     8404.401789
 227        24018211  000001011011100111110100100011     8475.510408
 228        25787629  000001100010010111110011101101     8553.051244
 229        27034425  000001100111001000001100111001     8627.800433
 230        32537631  000001111100000111110000011111     8724.259712
 231        34636833  000010000100001000010000100001     8871.929484
 232        43746615  000010100110111000010100110111     9054.894652
 233        51130563  000011000011000011000011000011     9230.070702
 234        62031717  000011101100101000011101100101     9422.501392
 235        81234351  000100110101111000100110101111     9792.030651
 236        85217605  000101000101000101000101000101    10087.456590
 237       103910499  000110001100011000110001100011    10454.653870
 238       119304647  000111000111000111000111000111    10805.658778
 239       128749401  000111101011001000111101011001    11127.823622
 240       153391689  001001001001001001001001001001    11790.278925
 241       357913941  010101010101010101010101010101    13842.988393
 242       460175067  011011011011011011011011011011    15417.636565
 243      1073741823  111111111111111111111111111111    20344.658372
=========== n: 30 =====  stop at: Mon Dec  2 02:30:56 2019
=========== n: 31 ===== start at: Mon Dec  2 02:30:56 2019
   1               0 0000000000000000000000000000000    20344.659299
   2               1 0000000000000000000000000000001    20344.659314
   3               3 0000000000000000000000000000011    20344.659340
   4              37 0000000000000000000000000100101    20344.659853
   5              41 0000000000000000000000000101001    20344.660059
   6              47 0000000000000000000000000101111    20344.660367
   7              55 0000000000000000000000000110111    20344.660721
   8              59 0000000000000000000000000111011    20344.660934
   9              61 0000000000000000000000000111101    20344.661173
  10              71 0000000000000000000000001000111    20344.661618
  11              77 0000000000000000000000001001101    20344.662004
  12              89 0000000000000000000000001011001    20344.662462
  13             111 0000000000000000000000001101111    20344.662962
  14             113 0000000000000000000000001110001    20344.663334
  15             123 0000000000000000000000001111011    20344.663815
  16            1137 0000000000000000000010001110001    20344.676039
  17            1207 0000000000000000000010010110111    20344.681068
  18            1219 0000000000000000000010011000011    20344.685712
  19            1395 0000000000000000000010101110011    20344.691547
  20            1453 0000000000000000000010110101101    20344.696536
  21            1503 0000000000000000000010111011111    20344.701439
  22            1547 0000000000000000000011000001011    20344.706318
  23            1561 0000000000000000000011000011001    20344.710932
  24            1653 0000000000000000000011001110101    20344.716168
  25            1667 0000000000000000000011010000011    20344.720779
  26            1787 0000000000000000000011011111011    20344.726305
  27            1897 0000000000000000000011101101001    20344.731689
  28            1903 0000000000000000000011101101111    20344.736446
  29            1975 0000000000000000000011110110111    20344.741541
  30            2013 0000000000000000000011111011101    20344.746396
  31            2151 0000000000000000000100001100111    20344.756337
  32            2265 0000000000000000000100011011001    20344.766178
  33            2481 0000000000000000000100110110001    20344.776811
  34            2491 0000000000000000000100110111011    20344.785968
  35            2589 0000000000000000000101000011101    20344.795766
  36            2603 0000000000000000000101000101011    20344.804848
  37            2719 0000000000000000000101010011111    20344.814714
  38            2829 0000000000000000000101100001101    20344.824660
  39            2949 0000000000000000000101110000101    20344.834523
  40            3219 0000000000000000000110010010011    20344.845541
  41            3397 0000000000000000000110101000101    20344.855890
  42            3545 0000000000000000000110111011001    20344.865962
  43            3681 0000000000000000000111001100001    20344.875887
  44            3831 0000000000000000000111011110111    20344.886104
  45            3989 0000000000000000000111110010101    20344.896197
  46           32907 0000000000000001000000010001011    20345.244227
  47           35845 0000000000000001000110000000101    20345.409140
  48           36783 0000000000000001000111110101111    20345.562513
  49           37063 0000000000000001001000011000111    20345.708257
  50           39829 0000000000000001001101110010101    20345.870802
  51           41009 0000000000000001010000000110001    20346.022265
  52           43331 0000000000000001010100101000011    20346.182678
  53           43481 0000000000000001010100111011001    20346.328231
  54           45311 0000000000000001011000011111111    20346.484425
  55           47803 0000000000000001011101010111011    20346.645717
  56           49783 0000000000000001100001001110111    20346.802979
  57           49813 0000000000000001100001010010101    20346.947521
  58           52463 0000000000000001100110011101111    20347.108948
  59           53505 0000000000000001101000100000001    20347.260222
  60           56669 0000000000000001101110101011101    20347.426268
  61           58121 0000000000000001110001100001001    20347.580526
  62           60995 0000000000000001110111001000011    20347.744037
  63           62961 0000000000000001111010111110001    20347.901418
  64           63283 0000000000000001111011100110011    20348.049319
  65           65293 0000000000000001111111100001101    20348.207669
  66           65815 0000000000000010000000100010111    20348.497995
  67           72021 0000000000000010001100101010101    20348.826501
  68           73235 0000000000000010001111000010011    20349.122479
  69           75035 0000000000000010010010100011011    20349.421702
  70           78533 0000000000000010011001011000101    20349.734163
  71           83609 0000000000000010100011010011001    20350.056252
  72           83903 0000000000000010100011110111111    20350.346627
  73           87345 0000000000000010101010100110001    20350.656579
  74           92135 0000000000000010110011111100111    20350.976851
  75           94979 0000000000000010111001100000011    20351.282987
  76           98717 0000000000000011000000110011101    20351.597817
  77          102641 0000000000000011001000011110001    20351.912337
  78          103439 0000000000000011001010000001111    20352.206106
  79          109759 0000000000000011010110010111111    20352.536226
  80          110921 0000000000000011011000101001001    20352.832416
  81          118733 0000000000000011100111111001101    20353.172264
  82          119041 0000000000000011101000100000001    20353.461555
  83          122963 0000000000000011110000001010011    20353.776696
  84          129643 0000000000000011111101001101011    20354.109136
  85          129989 0000000000000011111101111000101    20354.402267
  86         1100603 0000000000100001100101100111011    20365.145831
  87         1157017 0000000000100011010011110011001    20370.092797
  88         1255655 0000000000100110010100011100111    20375.287871
  89         1260721 0000000000100110011110010110001    20379.913182
  90         1338595 0000000000101000110110011100011    20384.984466
  91         1378103 0000000000101010000011100110111    20389.810277
  92         1404045 0000000000101010110110010001101    20394.550692
  93         1451733 0000000000101100010011011010101    20399.441377
  94         1521053 0000000000101110011010110011101    20404.445964
  95         1631941 0000000000110001110011011000101    20409.727475
  96         1762539 0000000000110101110010011101011    20415.128802
  97         1808993 0000000000110111001101001100001    20420.012453
  98         1893017 0000000000111001110001010011001    20425.117491
  99         1940501 0000000000111011001110000010101    20430.019006
 100         2006831 0000000000111101001111100101111    20435.020573
 101         2335089 0000000001000111010000101110001    20446.139248
 102         2434987 0000000001001010010011110101011    20455.903251
 103         2532415 0000000001001101010010000111111    20465.610337
 104         2698063 0000000001010010010101101001111    20475.752006
 105         2928291 0000000001011001010111010100011    20486.298494
 106         3091773 0000000001011110010110100111101    20496.427964
 107         3235149 0000000001100010101110101001101    20506.449390
 108         3336363 0000000001100101110100010101011    20516.212097
 109         3491283 0000000001101010100010111010011    20526.297243
 110         3504425 0000000001101010111100100101001    20535.540850
 111         3759783 0000000001110010101111010100111    20546.225397
 112         3828607 0000000001110100110101101111111    20555.766796
 113         3978533 0000000001111001011010100100101    20565.824493
 114         4131161 0000000001111110000100101011001    20575.883165
 115         4175255 0000000001111111011010110010111    20585.265740
 116        37394331 0000010001110101001011110011011    20916.242365
 117        40094429 0000010011000111100101011011101    21076.388714
 118        49106713 0000010111011010100111100011001    21270.580053
 119        53340711 0000011001011011110101000100111    21439.304882
 120        57124209 0000011011001111010010101110001    21605.342458
 121        59858643 0000011100100010101111011010011    21765.824537
 122        78898037 0000100101100111110001101110101    22160.533909
 123        91635305 0000101011101100011111001101001    22520.660747
 124        94957459 0000101101010001110111110010011    22831.353170
 125       105887917 0000110010011111011100010101101    23182.732324
 126       111435623 0000110101001000101111101100111    23505.372106
 127       121098539 0000111001101111101000100101011    23850.655133
 128      2147483647 1111111111111111111111111111111    38243.320870
 129      2147483648 0000000000000000000000000000000    42866.291109
 130      4294967295 1111111111111111111111111111111    57761.058454
 131      4294967296 0000000000000000000000000000000    62384.741694
